fatal: POST en /login/ - 9:00:34 p. m.
error: POST en /login/ - 9:00:34 p. m.
fatal: GET en /api/carts/ - 9:00:35 p. m.
error: GET en /api/carts/ - 9:00:35 p. m.
fatal: POST en /api/carts/ - 9:00:35 p. m.
error: POST en /api/carts/ - 9:00:35 p. m.
fatal: DELETE en /api/carts/deleteCart/6494e0a33a2d6490f43c1dc3 - 9:00:35 p. m.
error: DELETE en /api/carts/deleteCart/6494e0a33a2d6490f43c1dc3 - 9:00:35 p. m.
fatal: POST en /api/products - 9:00:36 p. m.
error: POST en /api/products - 9:00:36 p. m.
fatal: POST en /api/carts/ - 9:00:37 p. m.
error: POST en /api/carts/ - 9:00:37 p. m.
fatal: PUT en /api/carts/6494e0a53a2d6490f43c1dcf - 9:00:37 p. m.
error: PUT en /api/carts/6494e0a53a2d6490f43c1dcf - 9:00:37 p. m.
fatal: DELETE en /api/carts/6494e0a53a2d6490f43c1dcf/products/6494e0a43a2d6490f43c1dc9 - 9:00:38 p. m.
error: DELETE en /api/carts/6494e0a53a2d6490f43c1dcf/products/6494e0a43a2d6490f43c1dc9 - 9:00:38 p. m.
fatal: PUT en /api/carts/6494e0a53a2d6490f43c1dcf/products/6494e0a43a2d6490f43c1dc9 - 9:00:38 p. m.
error: PUT en /api/carts/6494e0a53a2d6490f43c1dcf/products/6494e0a43a2d6490f43c1dc9 - 9:00:38 p. m.
fatal: DELETE en /api/carts/6494e0a53a2d6490f43c1dcf - 9:00:39 p. m.
error: DELETE en /api/carts/6494e0a53a2d6490f43c1dcf - 9:00:39 p. m.
fatal: GET en /api/carts/6494e0a53a2d6490f43c1dcf - 9:00:40 p. m.
error: GET en /api/carts/6494e0a53a2d6490f43c1dcf - 9:00:40 p. m.
fatal: PUT en /api/carts/6494e0a53a2d6490f43c1dcf/products/6494e0a43a2d6490f43c1dc9 - 9:00:40 p. m.
error: PUT en /api/carts/6494e0a53a2d6490f43c1dcf/products/6494e0a43a2d6490f43c1dc9 - 9:00:40 p. m.
fatal: GET en /api/carts/6494e0a53a2d6490f43c1dcf/purchase - 9:00:41 p. m.
error: GET en /api/carts/6494e0a53a2d6490f43c1dcf/purchase - 9:00:41 p. m.
fatal: GET en /login - 9:00:42 p. m.
error: GET en /login - 9:00:42 p. m.
fatal: POST en /login - 9:00:42 p. m.
error: POST en /login - 9:00:42 p. m.
fatal: POST en /login - 9:00:42 p. m.
error: POST en /login - 9:00:42 p. m.
fatal: GET en /login/faillogin - 9:00:43 p. m.
error: GET en /login/faillogin - 9:00:43 p. m.
fatal: POST en /login - 9:00:43 p. m.
error: POST en /login - 9:00:43 p. m.
fatal: GET en /api/products - 9:00:44 p. m.
error: GET en /api/products - 9:00:44 p. m.
fatal: POST en /api/products - 9:00:44 p. m.
error: POST en /api/products - 9:00:44 p. m.
fatal: PUT en /api/products/6494e0ac3a2d6490f43c1df5 - 9:00:44 p. m.
error: PUT en /api/products/6494e0ac3a2d6490f43c1df5 - 9:00:44 p. m.
fatal: GET en /api/products/6494e0ac3a2d6490f43c1df5 - 9:00:45 p. m.
error: GET en /api/products/6494e0ac3a2d6490f43c1df5 - 9:00:45 p. m.
fatal: DELETE en /api/products/6494e0ac3a2d6490f43c1df5 - 9:00:46 p. m.
error: DELETE en /api/products/6494e0ac3a2d6490f43c1df5 - 9:00:46 p. m.
fatal: POST en /login - 9:00:46 p. m.
error: POST en /login - 9:00:46 p. m.
fatal: GET en /sessions - 9:00:47 p. m.
error: GET en /sessions - 9:00:47 p. m.
fatal: GET en /signup - 9:00:47 p. m.
error: GET en /signup - 9:00:47 p. m.
fatal: POST en /login/ - 9:01:06 p. m.
error: POST en /login/ - 9:01:06 p. m.
fatal: GET en /api/carts/ - 9:01:06 p. m.
error: GET en /api/carts/ - 9:01:06 p. m.
fatal: POST en /api/carts/ - 9:01:07 p. m.
error: POST en /api/carts/ - 9:01:07 p. m.
fatal: DELETE en /api/carts/deleteCart/6494e0c3c5b10ad0a5c2de2e - 9:01:07 p. m.
error: DELETE en /api/carts/deleteCart/6494e0c3c5b10ad0a5c2de2e - 9:01:07 p. m.
fatal: POST en /api/products - 9:01:07 p. m.
error: POST en /api/products - 9:01:07 p. m.
fatal: POST en /api/carts/ - 9:01:08 p. m.
error: POST en /api/carts/ - 9:01:08 p. m.
fatal: PUT en /api/carts/6494e0c4c5b10ad0a5c2de3a - 9:01:08 p. m.
error: PUT en /api/carts/6494e0c4c5b10ad0a5c2de3a - 9:01:08 p. m.
fatal: DELETE en /api/carts/6494e0c4c5b10ad0a5c2de3a/products/6494e0c3c5b10ad0a5c2de34 - 9:01:08 p. m.
error: DELETE en /api/carts/6494e0c4c5b10ad0a5c2de3a/products/6494e0c3c5b10ad0a5c2de34 - 9:01:08 p. m.
fatal: PUT en /api/carts/6494e0c4c5b10ad0a5c2de3a/products/6494e0c3c5b10ad0a5c2de34 - 9:01:08 p. m.
error: PUT en /api/carts/6494e0c4c5b10ad0a5c2de3a/products/6494e0c3c5b10ad0a5c2de34 - 9:01:08 p. m.
fatal: DELETE en /api/carts/6494e0c4c5b10ad0a5c2de3a - 9:01:09 p. m.
error: DELETE en /api/carts/6494e0c4c5b10ad0a5c2de3a - 9:01:09 p. m.
fatal: GET en /api/carts/6494e0c4c5b10ad0a5c2de3a - 9:01:09 p. m.
error: GET en /api/carts/6494e0c4c5b10ad0a5c2de3a - 9:01:09 p. m.
fatal: PUT en /api/carts/6494e0c4c5b10ad0a5c2de3a/products/6494e0c3c5b10ad0a5c2de34 - 9:01:09 p. m.
error: PUT en /api/carts/6494e0c4c5b10ad0a5c2de3a/products/6494e0c3c5b10ad0a5c2de34 - 9:01:09 p. m.
fatal: GET en /api/carts/6494e0c4c5b10ad0a5c2de3a/purchase - 9:01:10 p. m.
error: GET en /api/carts/6494e0c4c5b10ad0a5c2de3a/purchase - 9:01:10 p. m.
fatal: GET en /login - 9:01:10 p. m.
error: GET en /login - 9:01:10 p. m.
fatal: POST en /login - 9:01:10 p. m.
error: POST en /login - 9:01:10 p. m.
fatal: POST en /login - 9:01:11 p. m.
error: POST en /login - 9:01:11 p. m.
fatal: GET en /login/faillogin - 9:01:11 p. m.
error: GET en /login/faillogin - 9:01:11 p. m.
fatal: POST en /login - 9:01:11 p. m.
error: POST en /login - 9:01:11 p. m.
fatal: GET en /api/products - 9:01:12 p. m.
error: GET en /api/products - 9:01:12 p. m.
fatal: POST en /api/products - 9:01:12 p. m.
error: POST en /api/products - 9:01:12 p. m.
fatal: PUT en /api/products/6494e0c8c5b10ad0a5c2de60 - 9:01:12 p. m.
error: PUT en /api/products/6494e0c8c5b10ad0a5c2de60 - 9:01:12 p. m.
fatal: GET en /api/products/6494e0c8c5b10ad0a5c2de60 - 9:01:13 p. m.
error: GET en /api/products/6494e0c8c5b10ad0a5c2de60 - 9:01:13 p. m.
fatal: DELETE en /api/products/6494e0c8c5b10ad0a5c2de60 - 9:01:13 p. m.
error: DELETE en /api/products/6494e0c8c5b10ad0a5c2de60 - 9:01:13 p. m.
fatal: POST en /login - 9:01:13 p. m.
error: POST en /login - 9:01:13 p. m.
fatal: GET en /sessions - 9:01:14 p. m.
error: GET en /sessions - 9:01:14 p. m.
fatal: GET en /signup - 9:01:14 p. m.
error: GET en /signup - 9:01:14 p. m.
fatal: POST en /login/ - 9:02:23 p. m.
error: POST en /login/ - 9:02:23 p. m.
fatal: GET en /api/carts/ - 9:02:24 p. m.
error: GET en /api/carts/ - 9:02:24 p. m.
fatal: POST en /api/carts/ - 9:02:24 p. m.
error: POST en /api/carts/ - 9:02:24 p. m.
fatal: DELETE en /api/carts/deleteCart/6494e1105fa1634c7e47cad9 - 9:02:25 p. m.
error: DELETE en /api/carts/deleteCart/6494e1105fa1634c7e47cad9 - 9:02:25 p. m.
fatal: POST en /api/products - 9:02:25 p. m.
error: POST en /api/products - 9:02:25 p. m.
fatal: POST en /api/carts/ - 9:02:26 p. m.
error: POST en /api/carts/ - 9:02:26 p. m.
fatal: PUT en /api/carts/6494e1125fa1634c7e47cae5 - 9:02:26 p. m.
error: PUT en /api/carts/6494e1125fa1634c7e47cae5 - 9:02:26 p. m.
fatal: DELETE en /api/carts/6494e1125fa1634c7e47cae5/products/6494e1125fa1634c7e47cadf - 9:02:27 p. m.
error: DELETE en /api/carts/6494e1125fa1634c7e47cae5/products/6494e1125fa1634c7e47cadf - 9:02:27 p. m.
fatal: PUT en /api/carts/6494e1125fa1634c7e47cae5/products/6494e1125fa1634c7e47cadf - 9:02:27 p. m.
error: PUT en /api/carts/6494e1125fa1634c7e47cae5/products/6494e1125fa1634c7e47cadf - 9:02:27 p. m.
fatal: DELETE en /api/carts/6494e1125fa1634c7e47cae5 - 9:02:27 p. m.
error: DELETE en /api/carts/6494e1125fa1634c7e47cae5 - 9:02:27 p. m.
fatal: GET en /api/carts/6494e1125fa1634c7e47cae5 - 9:02:28 p. m.
error: GET en /api/carts/6494e1125fa1634c7e47cae5 - 9:02:28 p. m.
fatal: PUT en /api/carts/6494e1125fa1634c7e47cae5/products/6494e1125fa1634c7e47cadf - 9:02:28 p. m.
error: PUT en /api/carts/6494e1125fa1634c7e47cae5/products/6494e1125fa1634c7e47cadf - 9:02:28 p. m.
fatal: GET en /api/carts/6494e1125fa1634c7e47cae5/purchase - 9:02:29 p. m.
error: GET en /api/carts/6494e1125fa1634c7e47cae5/purchase - 9:02:29 p. m.
fatal: GET en /login - 9:02:29 p. m.
error: GET en /login - 9:02:29 p. m.
fatal: POST en /login - 9:02:29 p. m.
error: POST en /login - 9:02:29 p. m.
fatal: POST en /login - 9:02:30 p. m.
error: POST en /login - 9:02:30 p. m.
fatal: GET en /login/faillogin - 9:02:30 p. m.
error: GET en /login/faillogin - 9:02:30 p. m.
fatal: POST en /login - 9:02:30 p. m.
error: POST en /login - 9:02:30 p. m.
fatal: GET en /api/products - 9:02:31 p. m.
error: GET en /api/products - 9:02:31 p. m.
fatal: POST en /api/products - 9:02:31 p. m.
error: POST en /api/products - 9:02:31 p. m.
fatal: PUT en /api/products/6494e1175fa1634c7e47cb0b - 9:02:31 p. m.
error: PUT en /api/products/6494e1175fa1634c7e47cb0b - 9:02:31 p. m.
fatal: GET en /api/products/6494e1175fa1634c7e47cb0b - 9:02:32 p. m.
error: GET en /api/products/6494e1175fa1634c7e47cb0b - 9:02:32 p. m.
fatal: DELETE en /api/products/6494e1175fa1634c7e47cb0b - 9:02:32 p. m.
error: DELETE en /api/products/6494e1175fa1634c7e47cb0b - 9:02:32 p. m.
fatal: POST en /login - 9:02:33 p. m.
error: POST en /login - 9:02:33 p. m.
fatal: GET en /sessions - 9:02:33 p. m.
error: GET en /sessions - 9:02:33 p. m.
fatal: GET en /signup - 9:02:34 p. m.
error: GET en /signup - 9:02:34 p. m.
fatal: POST en /login/ - 9:11:27 p. m.
error: POST en /login/ - 9:11:27 p. m.
fatal: GET en /api/carts/ - 9:11:27 p. m.
error: GET en /api/carts/ - 9:11:27 p. m.
fatal: POST en /api/carts/ - 9:11:27 p. m.
error: POST en /api/carts/ - 9:11:27 p. m.
fatal: DELETE en /api/carts/deleteCart/6494e32fa252b261f4e5b697 - 9:11:28 p. m.
error: DELETE en /api/carts/deleteCart/6494e32fa252b261f4e5b697 - 9:11:28 p. m.
fatal: POST en /api/products - 9:11:28 p. m.
error: POST en /api/products - 9:11:28 p. m.
fatal: POST en /api/carts/ - 9:11:28 p. m.
error: POST en /api/carts/ - 9:11:28 p. m.
fatal: PUT en /api/carts/6494e331a252b261f4e5b6a3 - 9:11:29 p. m.
error: PUT en /api/carts/6494e331a252b261f4e5b6a3 - 9:11:29 p. m.
fatal: DELETE en /api/carts/6494e331a252b261f4e5b6a3/products/6494e330a252b261f4e5b69d - 9:11:29 p. m.
error: DELETE en /api/carts/6494e331a252b261f4e5b6a3/products/6494e330a252b261f4e5b69d - 9:11:29 p. m.
fatal: PUT en /api/carts/6494e331a252b261f4e5b6a3/products/6494e330a252b261f4e5b69d - 9:11:30 p. m.
error: PUT en /api/carts/6494e331a252b261f4e5b6a3/products/6494e330a252b261f4e5b69d - 9:11:30 p. m.
fatal: DELETE en /api/carts/6494e331a252b261f4e5b6a3 - 9:11:30 p. m.
error: DELETE en /api/carts/6494e331a252b261f4e5b6a3 - 9:11:30 p. m.
fatal: GET en /api/carts/6494e331a252b261f4e5b6a3 - 9:11:30 p. m.
error: GET en /api/carts/6494e331a252b261f4e5b6a3 - 9:11:30 p. m.
fatal: PUT en /api/carts/6494e331a252b261f4e5b6a3/products/6494e330a252b261f4e5b69d - 9:11:30 p. m.
error: PUT en /api/carts/6494e331a252b261f4e5b6a3/products/6494e330a252b261f4e5b69d - 9:11:30 p. m.
fatal: GET en /api/carts/6494e331a252b261f4e5b6a3/purchase - 9:11:31 p. m.
error: GET en /api/carts/6494e331a252b261f4e5b6a3/purchase - 9:11:31 p. m.
fatal: GET en /login - 9:11:31 p. m.
error: GET en /login - 9:11:31 p. m.
fatal: POST en /login - 9:11:31 p. m.
error: POST en /login - 9:11:31 p. m.
fatal: POST en /login - 9:11:32 p. m.
error: POST en /login - 9:11:32 p. m.
fatal: GET en /login/faillogin - 9:11:32 p. m.
error: GET en /login/faillogin - 9:11:32 p. m.
fatal: POST en /login - 9:11:32 p. m.
error: POST en /login - 9:11:32 p. m.
fatal: GET en /api/products - 9:11:33 p. m.
error: GET en /api/products - 9:11:33 p. m.
fatal: POST en /api/products - 9:11:33 p. m.
error: POST en /api/products - 9:11:33 p. m.
fatal: PUT en /api/products/6494e335a252b261f4e5b6c9 - 9:11:33 p. m.
error: PUT en /api/products/6494e335a252b261f4e5b6c9 - 9:11:33 p. m.
fatal: GET en /api/products/6494e335a252b261f4e5b6c9 - 9:11:34 p. m.
error: GET en /api/products/6494e335a252b261f4e5b6c9 - 9:11:34 p. m.
fatal: DELETE en /api/products/6494e335a252b261f4e5b6c9 - 9:11:34 p. m.
error: DELETE en /api/products/6494e335a252b261f4e5b6c9 - 9:11:34 p. m.
fatal: POST en /login - 9:11:34 p. m.
error: POST en /login - 9:11:34 p. m.
fatal: GET en /sessions - 9:11:35 p. m.
error: GET en /sessions - 9:11:35 p. m.
fatal: GET en /signup - 9:11:35 p. m.
error: GET en /signup - 9:11:35 p. m.
fatal: POST en /signup - 9:11:35 p. m.
error: POST en /signup - 9:11:35 p. m.
fatal: GET en /signup/fail - 9:11:35 p. m.
error: GET en /signup/fail - 9:11:35 p. m.
fatal: POST en /login/ - 9:16:28 p. m.
error: POST en /login/ - 9:16:28 p. m.
fatal: GET en /api/carts/ - 9:16:28 p. m.
error: GET en /api/carts/ - 9:16:28 p. m.
fatal: POST en /api/carts/ - 9:16:28 p. m.
error: POST en /api/carts/ - 9:16:28 p. m.
fatal: DELETE en /api/carts/deleteCart/6494e45c1cd0abb320fa505a - 9:16:29 p. m.
error: DELETE en /api/carts/deleteCart/6494e45c1cd0abb320fa505a - 9:16:29 p. m.
fatal: POST en /api/products - 9:16:29 p. m.
error: POST en /api/products - 9:16:29 p. m.
fatal: POST en /api/carts/ - 9:16:29 p. m.
error: POST en /api/carts/ - 9:16:29 p. m.
fatal: PUT en /api/carts/6494e45d1cd0abb320fa5066 - 9:16:30 p. m.
error: PUT en /api/carts/6494e45d1cd0abb320fa5066 - 9:16:30 p. m.
fatal: DELETE en /api/carts/6494e45d1cd0abb320fa5066/products/6494e45d1cd0abb320fa5060 - 9:16:30 p. m.
error: DELETE en /api/carts/6494e45d1cd0abb320fa5066/products/6494e45d1cd0abb320fa5060 - 9:16:30 p. m.
fatal: PUT en /api/carts/6494e45d1cd0abb320fa5066/products/6494e45d1cd0abb320fa5060 - 9:16:30 p. m.
error: PUT en /api/carts/6494e45d1cd0abb320fa5066/products/6494e45d1cd0abb320fa5060 - 9:16:30 p. m.
fatal: DELETE en /api/carts/6494e45d1cd0abb320fa5066 - 9:16:31 p. m.
error: DELETE en /api/carts/6494e45d1cd0abb320fa5066 - 9:16:31 p. m.
fatal: GET en /api/carts/6494e45d1cd0abb320fa5066 - 9:16:31 p. m.
error: GET en /api/carts/6494e45d1cd0abb320fa5066 - 9:16:31 p. m.
fatal: PUT en /api/carts/6494e45d1cd0abb320fa5066/products/6494e45d1cd0abb320fa5060 - 9:16:31 p. m.
error: PUT en /api/carts/6494e45d1cd0abb320fa5066/products/6494e45d1cd0abb320fa5060 - 9:16:31 p. m.
fatal: GET en /api/carts/6494e45d1cd0abb320fa5066/purchase - 9:16:31 p. m.
error: GET en /api/carts/6494e45d1cd0abb320fa5066/purchase - 9:16:31 p. m.
fatal: GET en /login - 9:16:32 p. m.
error: GET en /login - 9:16:32 p. m.
fatal: POST en /login - 9:16:32 p. m.
error: POST en /login - 9:16:32 p. m.
fatal: POST en /login - 9:16:33 p. m.
error: POST en /login - 9:16:33 p. m.
fatal: GET en /login/faillogin - 9:16:33 p. m.
error: GET en /login/faillogin - 9:16:33 p. m.
fatal: POST en /login - 9:16:33 p. m.
error: POST en /login - 9:16:33 p. m.
fatal: GET en /api/products - 9:16:33 p. m.
error: GET en /api/products - 9:16:33 p. m.
fatal: POST en /api/products - 9:16:33 p. m.
error: POST en /api/products - 9:16:33 p. m.
fatal: PUT en /api/products/6494e4621cd0abb320fa508c - 9:16:34 p. m.
error: PUT en /api/products/6494e4621cd0abb320fa508c - 9:16:34 p. m.
fatal: GET en /api/products/6494e4621cd0abb320fa508c - 9:16:34 p. m.
error: GET en /api/products/6494e4621cd0abb320fa508c - 9:16:34 p. m.
fatal: DELETE en /api/products/6494e4621cd0abb320fa508c - 9:16:35 p. m.
error: DELETE en /api/products/6494e4621cd0abb320fa508c - 9:16:35 p. m.
fatal: POST en /login - 9:16:35 p. m.
error: POST en /login - 9:16:35 p. m.
fatal: GET en /sessions - 9:16:35 p. m.
error: GET en /sessions - 9:16:35 p. m.
fatal: GET en /signup - 9:16:36 p. m.
error: GET en /signup - 9:16:36 p. m.
fatal: POST en /signup - 9:16:36 p. m.
error: POST en /signup - 9:16:36 p. m.
fatal: POST en /signup - 9:16:36 p. m.
error: POST en /signup - 9:16:36 p. m.
fatal: GET en /signup/fail - 9:16:36 p. m.
error: GET en /signup/fail - 9:16:36 p. m.
fatal: POST en /login/ - 9:18:35 p. m.
error: POST en /login/ - 9:18:35 p. m.
fatal: GET en /api/carts/ - 9:18:35 p. m.
error: GET en /api/carts/ - 9:18:35 p. m.
fatal: POST en /api/carts/ - 9:18:35 p. m.
error: POST en /api/carts/ - 9:18:35 p. m.
fatal: DELETE en /api/carts/deleteCart/6494e4db639dd05ab6b58aca - 9:18:35 p. m.
error: DELETE en /api/carts/deleteCart/6494e4db639dd05ab6b58aca - 9:18:35 p. m.
fatal: POST en /api/products - 9:18:36 p. m.
error: POST en /api/products - 9:18:36 p. m.
fatal: POST en /api/carts/ - 9:18:36 p. m.
error: POST en /api/carts/ - 9:18:36 p. m.
fatal: PUT en /api/carts/6494e4dc639dd05ab6b58ad6 - 9:18:37 p. m.
error: PUT en /api/carts/6494e4dc639dd05ab6b58ad6 - 9:18:37 p. m.
fatal: DELETE en /api/carts/6494e4dc639dd05ab6b58ad6/products/6494e4dc639dd05ab6b58ad0 - 9:18:37 p. m.
error: DELETE en /api/carts/6494e4dc639dd05ab6b58ad6/products/6494e4dc639dd05ab6b58ad0 - 9:18:37 p. m.
fatal: PUT en /api/carts/6494e4dc639dd05ab6b58ad6/products/6494e4dc639dd05ab6b58ad0 - 9:18:37 p. m.
error: PUT en /api/carts/6494e4dc639dd05ab6b58ad6/products/6494e4dc639dd05ab6b58ad0 - 9:18:37 p. m.
fatal: DELETE en /api/carts/6494e4dc639dd05ab6b58ad6 - 9:18:38 p. m.
error: DELETE en /api/carts/6494e4dc639dd05ab6b58ad6 - 9:18:38 p. m.
fatal: GET en /api/carts/6494e4dc639dd05ab6b58ad6 - 9:18:38 p. m.
error: GET en /api/carts/6494e4dc639dd05ab6b58ad6 - 9:18:38 p. m.
fatal: PUT en /api/carts/6494e4dc639dd05ab6b58ad6/products/6494e4dc639dd05ab6b58ad0 - 9:18:38 p. m.
error: PUT en /api/carts/6494e4dc639dd05ab6b58ad6/products/6494e4dc639dd05ab6b58ad0 - 9:18:38 p. m.
fatal: GET en /api/carts/6494e4dc639dd05ab6b58ad6/purchase - 9:18:39 p. m.
error: GET en /api/carts/6494e4dc639dd05ab6b58ad6/purchase - 9:18:39 p. m.
fatal: GET en /login - 9:18:39 p. m.
error: GET en /login - 9:18:39 p. m.
fatal: POST en /login - 9:18:39 p. m.
error: POST en /login - 9:18:39 p. m.
fatal: POST en /login - 9:18:40 p. m.
error: POST en /login - 9:18:40 p. m.
fatal: GET en /login/faillogin - 9:18:40 p. m.
error: GET en /login/faillogin - 9:18:40 p. m.
fatal: POST en /login - 9:18:40 p. m.
error: POST en /login - 9:18:40 p. m.
fatal: GET en /api/products - 9:18:40 p. m.
error: GET en /api/products - 9:18:40 p. m.
fatal: POST en /api/products - 9:18:41 p. m.
error: POST en /api/products - 9:18:41 p. m.
fatal: PUT en /api/products/6494e4e1639dd05ab6b58afc - 9:18:41 p. m.
error: PUT en /api/products/6494e4e1639dd05ab6b58afc - 9:18:41 p. m.
fatal: GET en /api/products/6494e4e1639dd05ab6b58afc - 9:18:42 p. m.
error: GET en /api/products/6494e4e1639dd05ab6b58afc - 9:18:42 p. m.
fatal: DELETE en /api/products/6494e4e1639dd05ab6b58afc - 9:18:42 p. m.
error: DELETE en /api/products/6494e4e1639dd05ab6b58afc - 9:18:42 p. m.
fatal: POST en /login - 9:18:42 p. m.
error: POST en /login - 9:18:42 p. m.
fatal: GET en /sessions - 9:18:42 p. m.
error: GET en /sessions - 9:18:42 p. m.
fatal: GET en /signup - 9:18:43 p. m.
error: GET en /signup - 9:18:43 p. m.
fatal: POST en /signup - 9:18:43 p. m.
error: POST en /signup - 9:18:43 p. m.
fatal: POST en /signup - 9:18:43 p. m.
error: POST en /signup - 9:18:43 p. m.
fatal: GET en /signup/fail - 9:18:44 p. m.
error: GET en /signup/fail - 9:18:44 p. m.
fatal: POST en /login/ - 9:19:36 p. m.
error: POST en /login/ - 9:19:36 p. m.
fatal: GET en /api/carts/ - 9:19:36 p. m.
error: GET en /api/carts/ - 9:19:36 p. m.
fatal: POST en /api/carts/ - 9:19:37 p. m.
error: POST en /api/carts/ - 9:19:37 p. m.
fatal: DELETE en /api/carts/deleteCart/6494e519937f26da66688fdb - 9:19:37 p. m.
error: DELETE en /api/carts/deleteCart/6494e519937f26da66688fdb - 9:19:37 p. m.
fatal: POST en /api/products - 9:19:37 p. m.
error: POST en /api/products - 9:19:37 p. m.
fatal: POST en /api/carts/ - 9:19:38 p. m.
error: POST en /api/carts/ - 9:19:38 p. m.
fatal: PUT en /api/carts/6494e51a937f26da66688fe7 - 9:19:38 p. m.
error: PUT en /api/carts/6494e51a937f26da66688fe7 - 9:19:38 p. m.
fatal: DELETE en /api/carts/6494e51a937f26da66688fe7/products/6494e519937f26da66688fe1 - 9:19:38 p. m.
error: DELETE en /api/carts/6494e51a937f26da66688fe7/products/6494e519937f26da66688fe1 - 9:19:38 p. m.
fatal: PUT en /api/carts/6494e51a937f26da66688fe7/products/6494e519937f26da66688fe1 - 9:19:39 p. m.
error: PUT en /api/carts/6494e51a937f26da66688fe7/products/6494e519937f26da66688fe1 - 9:19:39 p. m.
fatal: DELETE en /api/carts/6494e51a937f26da66688fe7 - 9:19:39 p. m.
error: DELETE en /api/carts/6494e51a937f26da66688fe7 - 9:19:39 p. m.
fatal: GET en /api/carts/6494e51a937f26da66688fe7 - 9:19:39 p. m.
error: GET en /api/carts/6494e51a937f26da66688fe7 - 9:19:39 p. m.
fatal: PUT en /api/carts/6494e51a937f26da66688fe7/products/6494e519937f26da66688fe1 - 9:19:40 p. m.
error: PUT en /api/carts/6494e51a937f26da66688fe7/products/6494e519937f26da66688fe1 - 9:19:40 p. m.
fatal: GET en /api/carts/6494e51a937f26da66688fe7/purchase - 9:19:40 p. m.
error: GET en /api/carts/6494e51a937f26da66688fe7/purchase - 9:19:40 p. m.
fatal: GET en /login - 9:19:41 p. m.
error: GET en /login - 9:19:41 p. m.
fatal: POST en /login - 9:19:41 p. m.
error: POST en /login - 9:19:41 p. m.
fatal: POST en /login - 9:19:41 p. m.
error: POST en /login - 9:19:41 p. m.
fatal: GET en /login/faillogin - 9:19:41 p. m.
error: GET en /login/faillogin - 9:19:41 p. m.
fatal: POST en /login - 9:19:42 p. m.
error: POST en /login - 9:19:42 p. m.
fatal: GET en /api/products - 9:19:42 p. m.
error: GET en /api/products - 9:19:42 p. m.
fatal: POST en /api/products - 9:19:42 p. m.
error: POST en /api/products - 9:19:42 p. m.
fatal: PUT en /api/products/6494e51e937f26da6668900d - 9:19:43 p. m.
error: PUT en /api/products/6494e51e937f26da6668900d - 9:19:43 p. m.
fatal: GET en /api/products/6494e51e937f26da6668900d - 9:19:43 p. m.
error: GET en /api/products/6494e51e937f26da6668900d - 9:19:43 p. m.
fatal: DELETE en /api/products/6494e51e937f26da6668900d - 9:19:43 p. m.
error: DELETE en /api/products/6494e51e937f26da6668900d - 9:19:43 p. m.
fatal: POST en /login - 9:19:44 p. m.
error: POST en /login - 9:19:44 p. m.
fatal: GET en /sessions - 9:19:44 p. m.
error: GET en /sessions - 9:19:44 p. m.
fatal: GET en /signup - 9:19:44 p. m.
error: GET en /signup - 9:19:44 p. m.
fatal: POST en /signup - 9:19:44 p. m.
error: POST en /signup - 9:19:44 p. m.
fatal: GET en /signup/fail - 9:19:45 p. m.
error: GET en /signup/fail - 9:19:45 p. m.
fatal: POST en /login/ - 9:20:07 p. m.
error: POST en /login/ - 9:20:07 p. m.
fatal: GET en /api/carts/ - 9:20:07 p. m.
error: GET en /api/carts/ - 9:20:07 p. m.
fatal: POST en /api/carts/ - 9:20:07 p. m.
error: POST en /api/carts/ - 9:20:07 p. m.
fatal: DELETE en /api/carts/deleteCart/6494e538b0f060a082ca1377 - 9:20:08 p. m.
error: DELETE en /api/carts/deleteCart/6494e538b0f060a082ca1377 - 9:20:08 p. m.
fatal: POST en /api/products - 9:20:08 p. m.
error: POST en /api/products - 9:20:08 p. m.
fatal: POST en /api/carts/ - 9:20:08 p. m.
error: POST en /api/carts/ - 9:20:08 p. m.
fatal: PUT en /api/carts/6494e539b0f060a082ca1383 - 9:20:09 p. m.
error: PUT en /api/carts/6494e539b0f060a082ca1383 - 9:20:09 p. m.
fatal: DELETE en /api/carts/6494e539b0f060a082ca1383/products/6494e538b0f060a082ca137d - 9:20:09 p. m.
error: DELETE en /api/carts/6494e539b0f060a082ca1383/products/6494e538b0f060a082ca137d - 9:20:09 p. m.
fatal: PUT en /api/carts/6494e539b0f060a082ca1383/products/6494e538b0f060a082ca137d - 9:20:09 p. m.
error: PUT en /api/carts/6494e539b0f060a082ca1383/products/6494e538b0f060a082ca137d - 9:20:09 p. m.
fatal: DELETE en /api/carts/6494e539b0f060a082ca1383 - 9:20:10 p. m.
error: DELETE en /api/carts/6494e539b0f060a082ca1383 - 9:20:10 p. m.
fatal: GET en /api/carts/6494e539b0f060a082ca1383 - 9:20:10 p. m.
error: GET en /api/carts/6494e539b0f060a082ca1383 - 9:20:10 p. m.
fatal: PUT en /api/carts/6494e539b0f060a082ca1383/products/6494e538b0f060a082ca137d - 9:20:10 p. m.
error: PUT en /api/carts/6494e539b0f060a082ca1383/products/6494e538b0f060a082ca137d - 9:20:10 p. m.
fatal: GET en /api/carts/6494e539b0f060a082ca1383/purchase - 9:20:11 p. m.
error: GET en /api/carts/6494e539b0f060a082ca1383/purchase - 9:20:11 p. m.
fatal: GET en /login - 9:20:11 p. m.
error: GET en /login - 9:20:11 p. m.
fatal: POST en /login - 9:20:12 p. m.
error: POST en /login - 9:20:12 p. m.
fatal: POST en /login - 9:20:12 p. m.
error: POST en /login - 9:20:12 p. m.
fatal: GET en /login/faillogin - 9:20:12 p. m.
error: GET en /login/faillogin - 9:20:12 p. m.
fatal: POST en /login - 9:20:12 p. m.
error: POST en /login - 9:20:12 p. m.
fatal: GET en /api/products - 9:20:13 p. m.
error: GET en /api/products - 9:20:13 p. m.
fatal: POST en /api/products - 9:20:13 p. m.
error: POST en /api/products - 9:20:13 p. m.
fatal: PUT en /api/products/6494e53db0f060a082ca13a9 - 9:20:13 p. m.
error: PUT en /api/products/6494e53db0f060a082ca13a9 - 9:20:13 p. m.
fatal: GET en /api/products/6494e53db0f060a082ca13a9 - 9:20:14 p. m.
error: GET en /api/products/6494e53db0f060a082ca13a9 - 9:20:14 p. m.
fatal: DELETE en /api/products/6494e53db0f060a082ca13a9 - 9:20:14 p. m.
error: DELETE en /api/products/6494e53db0f060a082ca13a9 - 9:20:14 p. m.
fatal: POST en /login - 9:20:14 p. m.
error: POST en /login - 9:20:14 p. m.
fatal: GET en /sessions - 9:20:15 p. m.
error: GET en /sessions - 9:20:15 p. m.
fatal: GET en /signup - 9:20:15 p. m.
error: GET en /signup - 9:20:15 p. m.
fatal: POST en /signup - 9:20:15 p. m.
error: POST en /signup - 9:20:15 p. m.
fatal: GET en /signup/fail - 9:20:15 p. m.
error: GET en /signup/fail - 9:20:15 p. m.
fatal: POST en /login/ - 9:21:09 p. m.
error: POST en /login/ - 9:21:09 p. m.
fatal: GET en /api/carts/ - 9:21:10 p. m.
error: GET en /api/carts/ - 9:21:10 p. m.
fatal: POST en /api/carts/ - 9:21:10 p. m.
error: POST en /api/carts/ - 9:21:10 p. m.
fatal: DELETE en /api/carts/deleteCart/6494e576da339d89ae1b256f - 9:21:10 p. m.
error: DELETE en /api/carts/deleteCart/6494e576da339d89ae1b256f - 9:21:10 p. m.
fatal: POST en /api/products - 9:21:10 p. m.
error: POST en /api/products - 9:21:10 p. m.
fatal: POST en /api/carts/ - 9:21:11 p. m.
error: POST en /api/carts/ - 9:21:11 p. m.
fatal: PUT en /api/carts/6494e577da339d89ae1b257b - 9:21:11 p. m.
error: PUT en /api/carts/6494e577da339d89ae1b257b - 9:21:11 p. m.
fatal: DELETE en /api/carts/6494e577da339d89ae1b257b/products/6494e577da339d89ae1b2575 - 9:21:12 p. m.
error: DELETE en /api/carts/6494e577da339d89ae1b257b/products/6494e577da339d89ae1b2575 - 9:21:12 p. m.
fatal: PUT en /api/carts/6494e577da339d89ae1b257b/products/6494e577da339d89ae1b2575 - 9:21:12 p. m.
error: PUT en /api/carts/6494e577da339d89ae1b257b/products/6494e577da339d89ae1b2575 - 9:21:12 p. m.
fatal: DELETE en /api/carts/6494e577da339d89ae1b257b - 9:21:13 p. m.
error: DELETE en /api/carts/6494e577da339d89ae1b257b - 9:21:13 p. m.
fatal: GET en /api/carts/6494e577da339d89ae1b257b - 9:21:13 p. m.
error: GET en /api/carts/6494e577da339d89ae1b257b - 9:21:13 p. m.
fatal: PUT en /api/carts/6494e577da339d89ae1b257b/products/6494e577da339d89ae1b2575 - 9:21:13 p. m.
error: PUT en /api/carts/6494e577da339d89ae1b257b/products/6494e577da339d89ae1b2575 - 9:21:13 p. m.
fatal: GET en /api/carts/6494e577da339d89ae1b257b/purchase - 9:21:14 p. m.
error: GET en /api/carts/6494e577da339d89ae1b257b/purchase - 9:21:14 p. m.
fatal: GET en /login - 9:21:14 p. m.
error: GET en /login - 9:21:14 p. m.
fatal: POST en /login - 9:21:14 p. m.
error: POST en /login - 9:21:14 p. m.
fatal: POST en /login - 9:21:15 p. m.
error: POST en /login - 9:21:15 p. m.
fatal: GET en /login/faillogin - 9:21:15 p. m.
error: GET en /login/faillogin - 9:21:15 p. m.
fatal: POST en /login - 9:21:15 p. m.
error: POST en /login - 9:21:15 p. m.
fatal: GET en /api/products - 9:21:15 p. m.
error: GET en /api/products - 9:21:15 p. m.
fatal: POST en /api/products - 9:21:16 p. m.
error: POST en /api/products - 9:21:16 p. m.
fatal: PUT en /api/products/6494e57cda339d89ae1b25a1 - 9:21:16 p. m.
error: PUT en /api/products/6494e57cda339d89ae1b25a1 - 9:21:16 p. m.
fatal: GET en /api/products/6494e57cda339d89ae1b25a1 - 9:21:16 p. m.
error: GET en /api/products/6494e57cda339d89ae1b25a1 - 9:21:16 p. m.
fatal: DELETE en /api/products/6494e57cda339d89ae1b25a1 - 9:21:17 p. m.
error: DELETE en /api/products/6494e57cda339d89ae1b25a1 - 9:21:17 p. m.
fatal: POST en /login - 9:21:17 p. m.
error: POST en /login - 9:21:17 p. m.
fatal: GET en /sessions - 9:21:17 p. m.
error: GET en /sessions - 9:21:17 p. m.
fatal: GET en /signup - 9:21:18 p. m.
error: GET en /signup - 9:21:18 p. m.
fatal: POST en /signup - 9:21:18 p. m.
error: POST en /signup - 9:21:18 p. m.
fatal: GET en /signup/fail - 9:21:18 p. m.
error: GET en /signup/fail - 9:21:18 p. m.
fatal: POST en /login/ - 9:21:42 p. m.
error: POST en /login/ - 9:21:42 p. m.
fatal: GET en /api/carts/ - 9:21:42 p. m.
error: GET en /api/carts/ - 9:21:42 p. m.
fatal: POST en /api/carts/ - 9:21:43 p. m.
error: POST en /api/carts/ - 9:21:43 p. m.
fatal: DELETE en /api/carts/deleteCart/6494e597af09c4aeeb00368b - 9:21:43 p. m.
error: DELETE en /api/carts/deleteCart/6494e597af09c4aeeb00368b - 9:21:43 p. m.
fatal: POST en /api/products - 9:21:43 p. m.
error: POST en /api/products - 9:21:43 p. m.
fatal: POST en /api/carts/ - 9:21:44 p. m.
error: POST en /api/carts/ - 9:21:44 p. m.
fatal: PUT en /api/carts/6494e598af09c4aeeb003697 - 9:21:44 p. m.
error: PUT en /api/carts/6494e598af09c4aeeb003697 - 9:21:44 p. m.
fatal: DELETE en /api/carts/6494e598af09c4aeeb003697/products/6494e597af09c4aeeb003691 - 9:21:44 p. m.
error: DELETE en /api/carts/6494e598af09c4aeeb003697/products/6494e597af09c4aeeb003691 - 9:21:44 p. m.
fatal: PUT en /api/carts/6494e598af09c4aeeb003697/products/6494e597af09c4aeeb003691 - 9:21:45 p. m.
error: PUT en /api/carts/6494e598af09c4aeeb003697/products/6494e597af09c4aeeb003691 - 9:21:45 p. m.
fatal: DELETE en /api/carts/6494e598af09c4aeeb003697 - 9:21:45 p. m.
error: DELETE en /api/carts/6494e598af09c4aeeb003697 - 9:21:45 p. m.
fatal: GET en /api/carts/6494e598af09c4aeeb003697 - 9:21:45 p. m.
error: GET en /api/carts/6494e598af09c4aeeb003697 - 9:21:45 p. m.
fatal: PUT en /api/carts/6494e598af09c4aeeb003697/products/6494e597af09c4aeeb003691 - 9:21:46 p. m.
error: PUT en /api/carts/6494e598af09c4aeeb003697/products/6494e597af09c4aeeb003691 - 9:21:46 p. m.
fatal: GET en /api/carts/6494e598af09c4aeeb003697/purchase - 9:21:46 p. m.
error: GET en /api/carts/6494e598af09c4aeeb003697/purchase - 9:21:46 p. m.
fatal: GET en /login - 9:21:47 p. m.
error: GET en /login - 9:21:47 p. m.
fatal: POST en /login - 9:21:47 p. m.
error: POST en /login - 9:21:47 p. m.
fatal: POST en /login - 9:21:47 p. m.
error: POST en /login - 9:21:47 p. m.
fatal: GET en /login/faillogin - 9:21:48 p. m.
error: GET en /login/faillogin - 9:21:48 p. m.
fatal: POST en /login - 9:21:48 p. m.
error: POST en /login - 9:21:48 p. m.
fatal: GET en /api/products - 9:21:48 p. m.
error: GET en /api/products - 9:21:48 p. m.
fatal: POST en /api/products - 9:21:48 p. m.
error: POST en /api/products - 9:21:48 p. m.
fatal: PUT en /api/products/6494e59daf09c4aeeb0036bd - 9:21:49 p. m.
error: PUT en /api/products/6494e59daf09c4aeeb0036bd - 9:21:49 p. m.
fatal: GET en /api/products/6494e59daf09c4aeeb0036bd - 9:21:49 p. m.
error: GET en /api/products/6494e59daf09c4aeeb0036bd - 9:21:49 p. m.
fatal: DELETE en /api/products/6494e59daf09c4aeeb0036bd - 9:21:50 p. m.
error: DELETE en /api/products/6494e59daf09c4aeeb0036bd - 9:21:50 p. m.
fatal: POST en /login - 9:21:50 p. m.
error: POST en /login - 9:21:50 p. m.
fatal: GET en /sessions - 9:21:50 p. m.
error: GET en /sessions - 9:21:50 p. m.
fatal: GET en /signup - 9:21:51 p. m.
error: GET en /signup - 9:21:51 p. m.
fatal: POST en /signup - 9:21:51 p. m.
error: POST en /signup - 9:21:51 p. m.
fatal: GET en /signup/fail - 9:21:51 p. m.
error: GET en /signup/fail - 9:21:51 p. m.
fatal: POST en /login/ - 9:22:14 p. m.
error: POST en /login/ - 9:22:14 p. m.
fatal: GET en /api/carts/ - 9:22:14 p. m.
error: GET en /api/carts/ - 9:22:14 p. m.
fatal: POST en /api/carts/ - 9:22:14 p. m.
error: POST en /api/carts/ - 9:22:14 p. m.
fatal: DELETE en /api/carts/deleteCart/6494e5b60266c27eb29f3677 - 9:22:15 p. m.
error: DELETE en /api/carts/deleteCart/6494e5b60266c27eb29f3677 - 9:22:15 p. m.
fatal: POST en /api/products - 9:22:15 p. m.
error: POST en /api/products - 9:22:15 p. m.
fatal: POST en /api/carts/ - 9:22:15 p. m.
error: POST en /api/carts/ - 9:22:15 p. m.
fatal: PUT en /api/carts/6494e5b70266c27eb29f3683 - 9:22:16 p. m.
error: PUT en /api/carts/6494e5b70266c27eb29f3683 - 9:22:16 p. m.
fatal: DELETE en /api/carts/6494e5b70266c27eb29f3683/products/6494e5b70266c27eb29f367d - 9:22:16 p. m.
error: DELETE en /api/carts/6494e5b70266c27eb29f3683/products/6494e5b70266c27eb29f367d - 9:22:16 p. m.
fatal: PUT en /api/carts/6494e5b70266c27eb29f3683/products/6494e5b70266c27eb29f367d - 9:22:16 p. m.
error: PUT en /api/carts/6494e5b70266c27eb29f3683/products/6494e5b70266c27eb29f367d - 9:22:16 p. m.
fatal: DELETE en /api/carts/6494e5b70266c27eb29f3683 - 9:22:17 p. m.
error: DELETE en /api/carts/6494e5b70266c27eb29f3683 - 9:22:17 p. m.
fatal: GET en /api/carts/6494e5b70266c27eb29f3683 - 9:22:17 p. m.
error: GET en /api/carts/6494e5b70266c27eb29f3683 - 9:22:17 p. m.
fatal: PUT en /api/carts/6494e5b70266c27eb29f3683/products/6494e5b70266c27eb29f367d - 9:22:17 p. m.
error: PUT en /api/carts/6494e5b70266c27eb29f3683/products/6494e5b70266c27eb29f367d - 9:22:17 p. m.
fatal: GET en /api/carts/6494e5b70266c27eb29f3683/purchase - 9:22:18 p. m.
error: GET en /api/carts/6494e5b70266c27eb29f3683/purchase - 9:22:18 p. m.
fatal: GET en /login - 9:22:18 p. m.
error: GET en /login - 9:22:18 p. m.
fatal: POST en /login - 9:22:18 p. m.
error: POST en /login - 9:22:18 p. m.
fatal: POST en /login - 9:22:19 p. m.
error: POST en /login - 9:22:19 p. m.
fatal: GET en /login/faillogin - 9:22:19 p. m.
error: GET en /login/faillogin - 9:22:19 p. m.
fatal: POST en /login - 9:22:19 p. m.
error: POST en /login - 9:22:19 p. m.
fatal: GET en /api/products - 9:22:19 p. m.
error: GET en /api/products - 9:22:19 p. m.
fatal: POST en /api/products - 9:22:20 p. m.
error: POST en /api/products - 9:22:20 p. m.
fatal: PUT en /api/products/6494e5bc0266c27eb29f36a9 - 9:22:20 p. m.
error: PUT en /api/products/6494e5bc0266c27eb29f36a9 - 9:22:20 p. m.
fatal: GET en /api/products/6494e5bc0266c27eb29f36a9 - 9:22:20 p. m.
error: GET en /api/products/6494e5bc0266c27eb29f36a9 - 9:22:20 p. m.
fatal: DELETE en /api/products/6494e5bc0266c27eb29f36a9 - 9:22:21 p. m.
error: DELETE en /api/products/6494e5bc0266c27eb29f36a9 - 9:22:21 p. m.
fatal: POST en /login - 9:22:21 p. m.
error: POST en /login - 9:22:21 p. m.
fatal: GET en /sessions - 9:22:21 p. m.
error: GET en /sessions - 9:22:21 p. m.
fatal: GET en /signup - 9:22:22 p. m.
error: GET en /signup - 9:22:22 p. m.
fatal: POST en /signup - 9:22:22 p. m.
error: POST en /signup - 9:22:22 p. m.
fatal: GET en /signup/fail - 9:22:22 p. m.
error: GET en /signup/fail - 9:22:22 p. m.
