fatal: POST en /login - 10:47:04 p. m.
error: POST en /login - 10:47:04 p. m.
fatal: GET en / - 10:47:06 p. m.
error: GET en / - 10:47:06 p. m.
fatal: GET en /css/products.css - 10:47:06 p. m.
error: GET en /css/products.css - 10:47:06 p. m.
fatal: GET en /assets/profile-icon.svg - 10:47:06 p. m.
error: GET en /assets/profile-icon.svg - 10:47:06 p. m.
fatal: GET en /js/products.js - 10:47:06 p. m.
error: GET en /js/products.js - 10:47:06 p. m.
fatal: GET en /assets/arrow-left.svg - 10:47:06 p. m.
error: GET en /assets/arrow-left.svg - 10:47:06 p. m.
fatal: GET en /assets/arrow-right.svg - 10:47:06 p. m.
error: GET en /assets/arrow-right.svg - 10:47:06 p. m.
fatal: GET en /api/products/?page=1 - 10:47:06 p. m.
error: GET en /api/products/?page=1 - 10:47:06 p. m.
fatal: GET en /sessions - 10:47:06 p. m.
error: GET en /sessions - 10:47:06 p. m.
fatal: GET en /www.Apple-photo.png - 10:47:07 p. m.
error: GET en /www.Apple-photo.png - 10:47:07 p. m.
fatal: GET en /forgot - 10:47:15 p. m.
error: GET en /forgot - 10:47:15 p. m.
fatal: GET en /profile/ - 10:47:15 p. m.
error: GET en /profile/ - 10:47:15 p. m.
fatal: GET en /profile/css/profile.css - 10:47:21 p. m.
error: GET en /profile/css/profile.css - 10:47:21 p. m.
fatal: GET en /js/profile.js - 10:47:21 p. m.
error: GET en /js/profile.js - 10:47:21 p. m.
fatal: GET en /api/carts/64642bd1ef38ba555e8595d3 - 10:47:21 p. m.
error: GET en /api/carts/64642bd1ef38ba555e8595d3 - 10:47:21 p. m.
fatal: GET en /profile/tickets - 10:47:22 p. m.
error: GET en /profile/tickets - 10:47:22 p. m.
fatal: GET en /profile/a - 10:47:22 p. m.
error: GET en /profile/a - 10:47:22 p. m.
fatal: GET en /assets/cart-download.svg - 10:47:22 p. m.
error: GET en /assets/cart-download.svg - 10:47:22 p. m.
fatal: GET en /profile//logout - 10:47:24 p. m.
error: GET en /profile//logout - 10:47:24 p. m.
fatal: GET en /login - 10:47:24 p. m.
error: GET en /login - 10:47:24 p. m.
fatal: GET en /css/login.css - 10:47:24 p. m.
error: GET en /css/login.css - 10:47:24 p. m.
fatal: GET en /js/login.js - 10:47:24 p. m.
error: GET en /js/login.js - 10:47:24 p. m.
fatal: POST en /login - 10:47:32 p. m.
error: POST en /login - 10:47:32 p. m.
fatal: POST en /login - 10:48:25 p. m.
error: POST en /login - 10:48:25 p. m.
fatal: GET en / - 10:48:25 p. m.
error: GET en / - 10:48:25 p. m.
fatal: GET en /css/products.css - 10:48:25 p. m.
error: GET en /css/products.css - 10:48:25 p. m.
fatal: GET en /assets/profile-icon.svg - 10:48:25 p. m.
error: GET en /assets/profile-icon.svg - 10:48:25 p. m.
fatal: GET en /js/products.js - 10:48:25 p. m.
error: GET en /js/products.js - 10:48:25 p. m.
fatal: GET en /assets/arrow-left.svg - 10:48:25 p. m.
error: GET en /assets/arrow-left.svg - 10:48:25 p. m.
fatal: GET en /assets/arrow-right.svg - 10:48:25 p. m.
error: GET en /assets/arrow-right.svg - 10:48:25 p. m.
fatal: GET en /api/products/?page=1 - 10:48:26 p. m.
error: GET en /api/products/?page=1 - 10:48:26 p. m.
fatal: GET en /sessions - 10:48:26 p. m.
error: GET en /sessions - 10:48:26 p. m.
fatal: GET en /www.Apple-photo.png - 10:48:26 p. m.
error: GET en /www.Apple-photo.png - 10:48:26 p. m.
fatal: GET en /profile/ - 10:56:55 p. m.
error: GET en /profile/ - 10:56:55 p. m.
fatal: GET en /login - 10:56:55 p. m.
error: GET en /login - 10:56:55 p. m.
fatal: GET en /css/login.css - 10:56:56 p. m.
error: GET en /css/login.css - 10:56:56 p. m.
fatal: GET en /js/login.js - 10:56:56 p. m.
error: GET en /js/login.js - 10:56:56 p. m.
fatal: POST en /login - 10:57:07 p. m.
error: POST en /login - 10:57:07 p. m.
fatal: GET en / - 10:57:07 p. m.
error: GET en / - 10:57:07 p. m.
fatal: GET en /css/products.css - 10:57:07 p. m.
error: GET en /css/products.css - 10:57:07 p. m.
fatal: GET en /assets/profile-icon.svg - 10:57:07 p. m.
error: GET en /assets/profile-icon.svg - 10:57:07 p. m.
fatal: GET en /js/products.js - 10:57:07 p. m.
error: GET en /js/products.js - 10:57:07 p. m.
fatal: GET en /assets/arrow-left.svg - 10:57:07 p. m.
error: GET en /assets/arrow-left.svg - 10:57:07 p. m.
fatal: GET en /assets/arrow-right.svg - 10:57:07 p. m.
error: GET en /assets/arrow-right.svg - 10:57:07 p. m.
fatal: GET en /api/products/?page=1 - 10:57:07 p. m.
error: GET en /api/products/?page=1 - 10:57:07 p. m.
fatal: GET en /sessions - 10:57:08 p. m.
error: GET en /sessions - 10:57:08 p. m.
fatal: GET en /www.Apple-photo.png - 10:57:08 p. m.
error: GET en /www.Apple-photo.png - 10:57:08 p. m.
fatal: GET en / - 10:57:53 a. m.
error: GET en / - 10:57:53 a. m.
fatal: GET en /css/products.css - 10:57:54 a. m.
error: GET en /css/products.css - 10:57:54 a. m.
fatal: GET en /assets/profile-icon.svg - 10:57:54 a. m.
error: GET en /assets/profile-icon.svg - 10:57:54 a. m.
fatal: GET en /assets/arrow-left.svg - 10:57:54 a. m.
error: GET en /assets/arrow-left.svg - 10:57:54 a. m.
fatal: GET en /assets/arrow-right.svg - 10:57:54 a. m.
error: GET en /assets/arrow-right.svg - 10:57:54 a. m.
fatal: GET en /js/products.js - 10:57:54 a. m.
error: GET en /js/products.js - 10:57:54 a. m.
fatal: GET en /api/products/?page=1 - 10:57:54 a. m.
error: GET en /api/products/?page=1 - 10:57:54 a. m.
fatal: GET en /sessions - 10:57:54 a. m.
error: GET en /sessions - 10:57:54 a. m.
fatal: GET en /favicon.ico - 10:57:54 a. m.
error: GET en /favicon.ico - 10:57:54 a. m.
fatal: GET en /www.Apple-photo.png - 10:57:54 a. m.
error: GET en /www.Apple-photo.png - 10:57:54 a. m.
fatal: GET en /api-docs - 4:34:28 p. m.
error: GET en /api-docs - 4:34:28 p. m.
fatal: GET en /api-docs/ - 4:34:28 p. m.
error: GET en /api-docs/ - 4:34:28 p. m.
fatal: GET en /api-docs/swagger-ui.css - 4:34:29 p. m.
error: GET en /api-docs/swagger-ui.css - 4:34:29 p. m.
fatal: GET en /api-docs/swagger-ui-bundle.js - 4:34:29 p. m.
error: GET en /api-docs/swagger-ui-bundle.js - 4:34:29 p. m.
fatal: GET en /api-docs/swagger-ui-standalone-preset.js - 4:34:29 p. m.
error: GET en /api-docs/swagger-ui-standalone-preset.js - 4:34:29 p. m.
fatal: GET en /api-docs/swagger-ui-init.js - 4:34:29 p. m.
error: GET en /api-docs/swagger-ui-init.js - 4:34:29 p. m.
fatal: GET en /api-docs/favicon-32x32.png - 4:34:30 p. m.
error: GET en /api-docs/favicon-32x32.png - 4:34:30 p. m.
fatal: GET en /api-docs/ - 4:36:05 p. m.
error: GET en /api-docs/ - 4:36:05 p. m.
fatal: GET en /api-docs/swagger-ui.css - 4:36:05 p. m.
error: GET en /api-docs/swagger-ui.css - 4:36:05 p. m.
fatal: GET en /api-docs/swagger-ui-bundle.js - 4:36:05 p. m.
error: GET en /api-docs/swagger-ui-bundle.js - 4:36:05 p. m.
fatal: GET en /api-docs/swagger-ui-standalone-preset.js - 4:36:05 p. m.
error: GET en /api-docs/swagger-ui-standalone-preset.js - 4:36:05 p. m.
fatal: GET en /api-docs/swagger-ui-init.js - 4:36:05 p. m.
error: GET en /api-docs/swagger-ui-init.js - 4:36:05 p. m.
fatal: GET en /api-docs/favicon-32x32.png - 4:36:05 p. m.
error: GET en /api-docs/favicon-32x32.png - 4:36:05 p. m.
fatal: GET en /api-docs/ - 4:36:08 p. m.
error: GET en /api-docs/ - 4:36:08 p. m.
fatal: GET en /api-docs/swagger-ui.css - 4:36:08 p. m.
error: GET en /api-docs/swagger-ui.css - 4:36:08 p. m.
fatal: GET en /api-docs/swagger-ui-bundle.js - 4:36:08 p. m.
error: GET en /api-docs/swagger-ui-bundle.js - 4:36:08 p. m.
fatal: GET en /api-docs/swagger-ui-standalone-preset.js - 4:36:08 p. m.
error: GET en /api-docs/swagger-ui-standalone-preset.js - 4:36:08 p. m.
fatal: GET en /api-docs/swagger-ui-init.js - 4:36:08 p. m.
error: GET en /api-docs/swagger-ui-init.js - 4:36:08 p. m.
fatal: GET en /api-docs/favicon-32x32.png - 4:36:08 p. m.
error: GET en /api-docs/favicon-32x32.png - 4:36:08 p. m.
fatal: GET en /api-docs/ - 4:36:23 p. m.
error: GET en /api-docs/ - 4:36:23 p. m.
fatal: GET en /api-docs/swagger-ui.css - 4:36:23 p. m.
error: GET en /api-docs/swagger-ui.css - 4:36:23 p. m.
fatal: GET en /api-docs/swagger-ui-bundle.js - 4:36:23 p. m.
error: GET en /api-docs/swagger-ui-bundle.js - 4:36:23 p. m.
fatal: GET en /api-docs/swagger-ui-standalone-preset.js - 4:36:23 p. m.
error: GET en /api-docs/swagger-ui-standalone-preset.js - 4:36:23 p. m.
fatal: GET en /api-docs/swagger-ui-init.js - 4:36:23 p. m.
error: GET en /api-docs/swagger-ui-init.js - 4:36:23 p. m.
fatal: GET en /api-docs/favicon-32x32.png - 4:36:23 p. m.
error: GET en /api-docs/favicon-32x32.png - 4:36:23 p. m.
fatal: GET en / - 4:36:53 p. m.
error: GET en / - 4:36:53 p. m.
fatal: GET en / - 4:36:55 p. m.
error: GET en / - 4:36:55 p. m.
fatal: GET en /css/products.css - 4:36:55 p. m.
error: GET en /css/products.css - 4:36:55 p. m.
fatal: GET en /assets/profile-icon.svg - 4:36:55 p. m.
error: GET en /assets/profile-icon.svg - 4:36:55 p. m.
fatal: GET en /assets/arrow-left.svg - 4:36:55 p. m.
error: GET en /assets/arrow-left.svg - 4:36:55 p. m.
fatal: GET en /assets/arrow-right.svg - 4:36:55 p. m.
error: GET en /assets/arrow-right.svg - 4:36:55 p. m.
fatal: GET en /js/products.js - 4:36:55 p. m.
error: GET en /js/products.js - 4:36:55 p. m.
fatal: GET en /sessions - 4:36:55 p. m.
error: GET en /sessions - 4:36:55 p. m.
fatal: GET en /api/products/?page=1 - 4:36:55 p. m.
error: GET en /api/products/?page=1 - 4:36:55 p. m.
fatal: GET en /www.Apple-photo.png - 4:36:55 p. m.
error: GET en /www.Apple-photo.png - 4:36:55 p. m.
fatal: GET en /api/carts - 4:36:58 p. m.
error: GET en /api/carts - 4:36:58 p. m.
fatal: GET en /api/carts - 4:36:59 p. m.
error: GET en /api/carts - 4:36:59 p. m.
fatal: GET en /api-docs/ - 4:37:14 p. m.
error: GET en /api-docs/ - 4:37:14 p. m.
fatal: GET en /api-docs/swagger-ui.css - 4:37:14 p. m.
error: GET en /api-docs/swagger-ui.css - 4:37:14 p. m.
fatal: GET en /api-docs/swagger-ui-bundle.js - 4:37:14 p. m.
error: GET en /api-docs/swagger-ui-bundle.js - 4:37:14 p. m.
fatal: GET en /api-docs/swagger-ui-standalone-preset.js - 4:37:14 p. m.
error: GET en /api-docs/swagger-ui-standalone-preset.js - 4:37:14 p. m.
fatal: GET en /api-docs/swagger-ui-init.js - 4:37:14 p. m.
error: GET en /api-docs/swagger-ui-init.js - 4:37:14 p. m.
fatal: GET en /api-docs/favicon-32x32.png - 4:37:15 p. m.
error: GET en /api-docs/favicon-32x32.png - 4:37:15 p. m.
fatal: GET en /api/carts/ - 4:37:42 p. m.
error: GET en /api/carts/ - 4:37:42 p. m.
fatal: GET en /api/carts/ - 4:38:27 p. m.
error: GET en /api/carts/ - 4:38:27 p. m.
fatal: GET en /api-docs/ - 4:39:12 p. m.
error: GET en /api-docs/ - 4:39:12 p. m.
fatal: GET en /api-docs/swagger-ui.css - 4:39:12 p. m.
error: GET en /api-docs/swagger-ui.css - 4:39:12 p. m.
fatal: GET en /api-docs/swagger-ui-standalone-preset.js - 4:39:12 p. m.
error: GET en /api-docs/swagger-ui-standalone-preset.js - 4:39:12 p. m.
fatal: GET en /api-docs/swagger-ui-bundle.js - 4:39:12 p. m.
error: GET en /api-docs/swagger-ui-bundle.js - 4:39:12 p. m.
fatal: GET en /api-docs/swagger-ui-init.js - 4:39:12 p. m.
error: GET en /api-docs/swagger-ui-init.js - 4:39:12 p. m.
fatal: GET en /api-docs/favicon-32x32.png - 4:39:13 p. m.
error: GET en /api-docs/favicon-32x32.png - 4:39:13 p. m.
